2019-11-04 19:33:39,985 INFO notifyConnectTimeout:200

2019-11-04 19:33:39,987 INFO notifySocketTimeout:8000

2019-11-04 19:33:39,987 INFO isHealthCheck:true

2019-11-04 19:33:39,987 INFO maxHealthCheckFailCount:12

2019-11-04 19:33:39,987 INFO maxContent:10485760

2019-11-04 19:33:43,421 INFO Schema 'NACOS' already exists.

2019-11-04 19:33:43,643 INFO Table/View 'CONFIG_INFO' already exists in Schema 'NACOS'.

2019-11-04 19:33:44,000 INFO Table/View 'HIS_CONFIG_INFO' already exists in Schema 'NACOS'.

2019-11-04 19:33:44,190 INFO Table/View 'CONFIG_INFO_BETA' already exists in Schema 'NACOS'.

2019-11-04 19:33:44,311 INFO Table/View 'CONFIG_INFO_TAG' already exists in Schema 'NACOS'.

2019-11-04 19:33:44,456 INFO Table/View 'CONFIG_INFO_AGGR' already exists in Schema 'NACOS'.

2019-11-04 19:33:44,618 INFO Table/View 'APP_LIST' already exists in Schema 'NACOS'.

2019-11-04 19:33:44,786 INFO Table/View 'APP_CONFIGDATA_RELATION_SUBS' already exists in Schema 'NACOS'.

2019-11-04 19:33:44,899 INFO Table/View 'APP_CONFIGDATA_RELATION_PUBS' already exists in Schema 'NACOS'.

2019-11-04 19:33:45,010 INFO Table/View 'CONFIG_TAGS_RELATION' already exists in Schema 'NACOS'.

2019-11-04 19:33:45,187 INFO Table/View 'GROUP_CAPACITY' already exists in Schema 'NACOS'.

2019-11-04 19:33:45,298 INFO Table/View 'TENANT_CAPACITY' already exists in Schema 'NACOS'.

2019-11-04 19:33:45,439 INFO Table/View 'TENANT_INFO' already exists in Schema 'NACOS'.

2019-11-04 19:33:45,565 INFO Table/View 'USERS' already exists in Schema 'NACOS'.

2019-11-04 19:33:45,742 INFO Table/View 'ROLES' already exists in Schema 'NACOS'.

2019-11-04 19:33:46,020 INFO The statement was aborted because it would have caused a duplicate key value in a unique or primary key constraint or unique index identified by 'SQL190920101746030' defined on 'USERS'.

2019-11-04 19:33:46,312 WARN DumpService start

2019-11-04 19:33:46,318 INFO start clear all config-info.

2019-11-04 19:33:46,362 WARN clear all config-info failed.

2019-11-04 19:33:46,363 WARN clear all config-info-tenant failed.

2019-11-04 19:33:46,945 INFO [all-dump] 29 / 29

2019-11-04 19:33:46,945 INFO start clear all config-info-beta.

2019-11-04 19:33:46,945 WARN clear all config-info-beta failed.

2019-11-04 19:33:46,945 WARN clear all config-info-beta-tenant failed.

2019-11-04 19:33:47,051 INFO start clear all config-info-tag.

2019-11-04 19:33:47,051 WARN clear all config-info-tag failed.

2019-11-04 19:33:47,051 WARN clear all config-info-tag-tenant failed.

2019-11-04 19:33:48,740 INFO ServerListService address-server port:8848

2019-11-04 19:33:48,740 INFO ADDRESS_SERVER_URL:http://jmenv.tbsite.net:8080/nacos/serverlist

2019-11-04 19:33:48,740 WARN [serverlist] updated to [192.168.15.23]

