2019-11-04 19:34:19,550 INFO PERFORMANCE:|0|0|-1|-1

2019-11-04 19:39:19,563 INFO PERFORMANCE:|0|0|-1|-1

2019-11-04 19:44:19,572 INFO PERFORMANCE:|0|0|-1|-1

2019-11-04 19:49:19,581 INFO PERFORMANCE:|0|0|-1|-1

2019-11-04 19:54:19,582 INFO PERFORMANCE:|0|0|-1|-1

2019-11-04 19:59:19,594 INFO PERFORMANCE:|0|0|-1|-1

2019-11-04 20:04:19,603 INFO PERFORMANCE:|0|0|-1|-1

2019-11-04 20:09:19,614 INFO PERFORMANCE:|0|0|-1|-1

2019-11-04 20:14:19,627 INFO PERFORMANCE:|0|0|-1|-1

2019-11-04 20:19:19,634 INFO PERFORMANCE:|0|0|-1|-1

2019-11-04 20:24:19,638 INFO PERFORMANCE:|0|0|-1|-1

2019-11-04 20:29:19,648 INFO PERFORMANCE:|0|0|-1|-1

2019-11-04 20:34:19,659 INFO PERFORMANCE:|0|0|-1|-1

2019-11-04 20:39:19,673 INFO PERFORMANCE:|0|0|-1|-1

2019-11-04 20:44:19,697 INFO PERFORMANCE:|0|0|-1|-1

2019-11-04 20:49:19,702 INFO PERFORMANCE:|0|0|-1|-1

2019-11-04 20:54:19,716 INFO PERFORMANCE:|0|0|-1|-1

2019-11-04 20:59:19,727 INFO PERFORMANCE:|0|0|-1|-1

2019-11-04 21:04:19,740 INFO PERFORMANCE:|0|0|-1|-1

2019-11-04 21:09:19,755 INFO PERFORMANCE:|0|0|-1|-1

2019-11-04 21:14:19,769 INFO PERFORMANCE:|0|0|-1|-1

2019-11-04 21:19:19,768 INFO PERFORMANCE:|0|0|-1|-1

2019-11-04 21:24:19,783 INFO PERFORMANCE:|0|0|-1|-1

